Determining if the pthread_create exist failed with the following output:
Change Dir: /home/ikiwi/ikiwi_abila_new/build_isolated/cartographer_ros/CMakeFiles/CMakeTmp

Run Build Command:"/usr/bin/ninja" "cmTC_a5bca"
[1/2] Building C object CMakeFiles/cmTC_a5bca.dir/CheckSymbolExists.c.o
[2/2] Linking C executable cmTC_a5bca
FAILED: cmTC_a5bca 
: && /usr/bin/cc   -rdynamic CMakeFiles/cmTC_a5bca.dir/CheckSymbolExists.c.o  -o cmTC_a5bca   && :
CMakeFiles/cmTC_a5bca.dir/CheckSymbolExists.c.o: In function `main':
CheckSymbolExists.c:(.text+0x14): undefined reference to `pthread_create'
CheckSymbolExists.c:(.text+0x18): undefined reference to `pthread_create'
collect2: error: ld returned 1 exit status
ninja: build stopped: subcommand failed.

File /home/ikiwi/ikiwi_abila_new/build_isolated/cartographer_ros/CMakeFiles/CMakeTmp/CheckSymbolExists.c:
/* */
#include <pthread.h>

int main(int argc, char** argv)
{
  (void)argv;
#ifndef pthread_create
  return ((int*)(&pthread_create))[argc];
#else
  (void)argc;
  return 0;
#endif
}

Determining if the function pthread_create exists in the pthreads failed with the following output:
Change Dir: /home/ikiwi/ikiwi_abila_new/build_isolated/cartographer_ros/CMakeFiles/CMakeTmp

Run Build Command:"/usr/bin/ninja" "cmTC_7f691"
[1/2] Building C object CMakeFiles/cmTC_7f691.dir/CheckFunctionExists.c.o
[2/2] Linking C executable cmTC_7f691
FAILED: cmTC_7f691 
: && /usr/bin/cc -DCHECK_FUNCTION_EXISTS=pthread_create  -rdynamic CMakeFiles/cmTC_7f691.dir/CheckFunctionExists.c.o  -o cmTC_7f691  -lpthreads && :
/usr/bin/ld: cannot find -lpthreads
collect2: error: ld returned 1 exit status
ninja: build stopped: subcommand failed.


